  AutoRunCharacter.cpp
  CameraController.cpp
  Character.cpp
  Enemy.cpp
  EnemyManager.cpp
  EnemySlime.cpp
  Framework.cpp
  Main.cpp
  Player.cpp
  PlayerManager.cpp
  PutBlock.cpp
  SceneGame.cpp
  SceneTitle.cpp
  Stage.cpp
C:\Users\2240045\Desktop\チーム製作\5\Source\Main.cpp(58,43): error C2065: '_CRTDBG_LzEAK_CHECK_DF': 定義されていない識別子です。
C:\Users\2240045\Desktop\チーム製作\5\Source\Character.h(115,24): warning C4244: '初期化中': 'float' から 'int' への変換です。データが失われる可能性があります。
  (ソース ファイル 'Source/Character.cpp' をコンパイルしています)
  
C:\Users\2240045\Desktop\チーム製作\5\Source\Character.h(115,24): warning C4244: '初期化中': 'float' から 'int' への変換です。データが失われる可能性があります。
  (ソース ファイル 'Source/AutoRunCharacter.cpp' をコンパイルしています)
  
C:\Users\2240045\Desktop\チーム製作\5\Source\character.h(115,24): warning C4244: '初期化中': 'float' から 'int' への変換です。データが失われる可能性があります。
  (ソース ファイル 'Source/Enemy.cpp' をコンパイルしています)
  
C:\Users\2240045\Desktop\チーム製作\5\Source\CameraController.cpp(28,71): warning C4244: '引数': 'int' から 'float' への変換です。データが失われる可能性があります。
C:\Users\2240045\Desktop\チーム製作\5\Source\CameraController.cpp(176,18): warning C4244: '初期化中': 'int' から 'float' への変換です。データが失われる可能性があります。
C:\Users\2240045\Desktop\チーム製作\5\Source\CameraController.cpp(177,18): warning C4244: '初期化中': 'int' から 'float' への変換です。データが失われる可能性があります。
C:\Users\2240045\Desktop\チーム製作\5\Source\CameraController.cpp(304,18): warning C4244: '初期化中': 'int' から 'float' への変換です。データが失われる可能性があります。
C:\Users\2240045\Desktop\チーム製作\5\Source\CameraController.cpp(305,18): warning C4244: '初期化中': 'int' から 'float' への変換です。データが失われる可能性があります。
C:\Users\2240045\Desktop\チーム製作\5\Source\CameraController.cpp(360,18): warning C4244: '初期化中': 'int' から 'float' への変換です。データが失われる可能性があります。
C:\Users\2240045\Desktop\チーム製作\5\Source\CameraController.cpp(361,18): warning C4244: '初期化中': 'int' から 'float' への変換です。データが失われる可能性があります。
C:\Users\2240045\Desktop\チーム製作\5\Source\CameraController.cpp(371,22): warning C4244: '初期化中': 'int' から 'float' への変換です。データが失われる可能性があります。
C:\Users\2240045\Desktop\チーム製作\5\Source\character.h(115,24): warning C4244: '初期化中': 'float' から 'int' への変換です。データが失われる可能性があります。
  (ソース ファイル 'Source/PlayerManager.cpp' をコンパイルしています)
  
C:\Users\2240045\Desktop\チーム製作\5\Source\character.h(115,24): warning C4244: '初期化中': 'float' から 'int' への変換です。データが失われる可能性があります。
  (ソース ファイル 'Source/Player.cpp' をコンパイルしています)
  
C:\Users\2240045\Desktop\チーム製作\5\Source\character.h(115,24): warning C4244: '初期化中': 'float' から 'int' への変換です。データが失われる可能性があります。
  (ソース ファイル 'Source/PutBlock.cpp' をコンパイルしています)
  
C:\Users\2240045\Desktop\チーム製作\5\Source\ProjectileManager.h(26,57): warning C4267: 'return': 'size_t' から 'int' に変換しました。データが失われているかもしれません。
  (ソース ファイル 'Source/PlayerManager.cpp' をコンパイルしています)
  
C:\Users\2240045\Desktop\チーム製作\5\Source\character.h(115,24): warning C4244: '初期化中': 'float' から 'int' への変換です。データが失われる可能性があります。
  (ソース ファイル 'Source/EnemyManager.cpp' をコンパイルしています)
  
C:\Users\2240045\Desktop\チーム製作\5\Source\character.h(115,24): warning C4244: '初期化中': 'float' から 'int' への変換です。データが失われる可能性があります。
  (ソース ファイル 'Source/EnemySlime.cpp' をコンパイルしています)
  
C:\Users\2240045\Desktop\チーム製作\5\Source\ProjectileManager.h(26,57): warning C4267: 'return': 'size_t' から 'int' に変換しました。データが失われているかもしれません。
  (ソース ファイル 'Source/Player.cpp' をコンパイルしています)
  
C:\Users\2240045\Desktop\チーム製作\5\Source\ProjectileManager.h(26,57): warning C4267: 'return': 'size_t' から 'int' に変換しました。データが失われているかもしれません。
  (ソース ファイル 'Source/PutBlock.cpp' をコンパイルしています)
  
C:\Users\2240045\Desktop\チーム製作\5\Source\ProjectileManager.h(26,57): warning C4267: 'return': 'size_t' から 'int' に変換しました。データが失われているかもしれません。
  (ソース ファイル 'Source/EnemySlime.cpp' をコンパイルしています)
  
C:\Users\2240045\Desktop\チーム製作\5\Source\Character.cpp(45,20): warning C4244: '=': 'float' から 'int' への変換です。データが失われる可能性があります。
C:\Users\2240045\Desktop\チーム製作\5\Source\Character.cpp(741,22): warning C4244: '-=': 'float' から 'int' への変換です。データが失われる可能性があります。
C:\Users\2240045\Desktop\チーム製作\5\Source\character.h(115,24): warning C4244: '初期化中': 'float' から 'int' への変換です。データが失われる可能性があります。
  (ソース ファイル 'Source/SceneGame.cpp' をコンパイルしています)
  
C:\Users\2240045\Desktop\チーム製作\5\Source\ProjectileManager.h(26,57): warning C4267: 'return': 'size_t' から 'int' に変換しました。データが失われているかもしれません。
  (ソース ファイル 'Source/SceneGame.cpp' をコンパイルしています)
  
C:\Users\2240045\Desktop\チーム製作\5\Source\character.h(115,24): warning C4244: '初期化中': 'float' から 'int' への変換です。データが失われる可能性があります。
  (ソース ファイル 'Source/Stage.cpp' をコンパイルしています)
  
C:\Users\2240045\Desktop\チーム製作\5\Source\ProjectileManager.h(26,57): warning C4267: 'return': 'size_t' から 'int' に変換しました。データが失われているかもしれません。
  (ソース ファイル 'Source/Stage.cpp' をコンパイルしています)
  
C:\Users\2240045\Desktop\チーム製作\5\Source\PutBlock.cpp(60,18): warning C4244: '初期化中': 'double' から 'float' への変換です。データが失われる可能性があります。
C:\Users\2240045\Desktop\チーム製作\5\Source\Player.cpp(13,5): warning C4356: 'Character::GoalNum': 静的データ メンバーは派生クラスを使って初期化できません。
C:\Users\2240045\Desktop\チーム製作\5\Source\Stage.cpp(111,1): warning C4715: 'Stage::BlockRayCast': 値を返さないコントロール パスがあります。
