  EnemySlime.cpp
  Player.cpp
  PlayerManager.cpp
  Projectile.cpp
  ProjectileManager.cpp
  PutBlock.cpp
  SceneGame.cpp
  Stage.cpp
C:\Users\2240114\Desktop\チーム制作３\GitHub\Source\character.h(106,24): warning C4244: '初期化中': 'float' から 'int' への変換です。データが失われる可能性があります。
  (ソース ファイル 'Source/PlayerManager.cpp' をコンパイルしています)
  
C:\Users\2240114\Desktop\チーム制作３\GitHub\Source\ProjectileManager.h(26,57): warning C4267: 'return': 'size_t' から 'int' に変換しました。データが失われているかもしれません。
  (ソース ファイル 'Source/PlayerManager.cpp' をコンパイルしています)
  
C:\Users\2240114\Desktop\チーム制作３\GitHub\Source\character.h(106,24): warning C4244: '初期化中': 'float' から 'int' への変換です。データが失われる可能性があります。
  (ソース ファイル 'Source/PutBlock.cpp' をコンパイルしています)
  
C:\Users\2240114\Desktop\チーム制作３\GitHub\Source\ProjectileManager.h(26,57): warning C4267: 'return': 'size_t' から 'int' に変換しました。データが失われているかもしれません。
  (ソース ファイル 'Source/Projectile.cpp' をコンパイルしています)
  
C:\Users\2240114\Desktop\チーム制作３\GitHub\Source\character.h(106,24): warning C4244: '初期化中': 'float' から 'int' への変換です。データが失われる可能性があります。
  (ソース ファイル 'Source/Player.cpp' をコンパイルしています)
  
C:\Users\2240114\Desktop\チーム制作３\GitHub\Source\ProjectileManager.h(26,57): warning C4267: 'return': 'size_t' から 'int' に変換しました。データが失われているかもしれません。
  (ソース ファイル 'Source/PutBlock.cpp' をコンパイルしています)
  
C:\Users\2240114\Desktop\チーム制作３\GitHub\Source\ProjectileManager.h(26,57): warning C4267: 'return': 'size_t' から 'int' に変換しました。データが失われているかもしれません。
  (ソース ファイル 'Source/Player.cpp' をコンパイルしています)
  
C:\Users\2240114\Desktop\チーム制作３\GitHub\Source\character.h(106,24): warning C4244: '初期化中': 'float' から 'int' への変換です。データが失われる可能性があります。
  (ソース ファイル 'Source/EnemySlime.cpp' をコンパイルしています)
  
C:\Users\2240114\Desktop\チーム制作３\GitHub\Source\ProjectileManager.h(26,57): warning C4267: 'return': 'size_t' から 'int' に変換しました。データが失われているかもしれません。
  (ソース ファイル 'Source/EnemySlime.cpp' をコンパイルしています)
  
C:\Users\2240114\Desktop\チーム制作３\GitHub\Source\ProjectileManager.h(26,57): warning C4267: 'return': 'size_t' から 'int' に変換しました。データが失われているかもしれません。
  (ソース ファイル 'Source/ProjectileManager.cpp' をコンパイルしています)
  
C:\Users\2240114\Desktop\チーム制作３\GitHub\Source\character.h(106,24): warning C4244: '初期化中': 'float' から 'int' への変換です。データが失われる可能性があります。
  (ソース ファイル 'Source/SceneGame.cpp' をコンパイルしています)
  
C:\Users\2240114\Desktop\チーム制作３\GitHub\Source\ProjectileManager.h(26,57): warning C4267: 'return': 'size_t' から 'int' に変換しました。データが失われているかもしれません。
  (ソース ファイル 'Source/SceneGame.cpp' をコンパイルしています)
  
C:\Users\2240114\Desktop\チーム制作３\GitHub\Source\PutBlock.cpp(59,18): warning C4244: '初期化中': 'double' から 'float' への変換です。データが失われる可能性があります。
C:\Users\2240114\Desktop\チーム制作３\GitHub\Source\character.h(106,24): warning C4244: '初期化中': 'float' から 'int' への変換です。データが失われる可能性があります。
  (ソース ファイル 'Source/Stage.cpp' をコンパイルしています)
  
C:\Users\2240114\Desktop\チーム制作３\GitHub\Source\ProjectileManager.h(26,57): warning C4267: 'return': 'size_t' から 'int' に変換しました。データが失われているかもしれません。
  (ソース ファイル 'Source/Stage.cpp' をコンパイルしています)
  
     ライブラリ bin\x64\Release\Game.lib とオブジェクト bin\x64\Release\Game.exp を作成中
  コード生成しています。
  0 of 4845 functions ( 0.0%) were compiled, the rest were copied from previous compilation.
    0 functions were new in current compilation
    0 functions had inline decision re-evaluated but remain unchanged
  コード生成が終了しました。
  Game.vcxproj -> C:\Users\2240114\Desktop\チーム制作３\GitHub\bin\x64\Release\Game.exe
